<?xml version="1.0" encoding="UTF-8"?>
<testsuite name="engine.TestQuizEngine" tests="3" skipped="0" failures="0" errors="0" timestamp="2020-08-24T13:50:53" hostname="DESKTOP-R1TI04S" time="1.595">
  <properties/>
  <testcase name="addUser()" classname="engine.TestQuizEngine" time="1.279"/>
  <testcase name="getQuizById()" classname="engine.TestQuizEngine" time="0.203"/>
  <testcase name="sendQuiz()" classname="engine.TestQuizEngine" time="0.105"/>
  <system-out><![CDATA[16:50:33.413 [Test worker] DEBUG org.springframework.test.context.BootstrapUtils - Instantiating CacheAwareContextLoaderDelegate from class [org.springframework.test.context.cache.DefaultCacheAwareContextLoaderDelegate]
16:50:33.474 [Test worker] DEBUG org.springframework.test.context.BootstrapUtils - Instantiating BootstrapContext using constructor [public org.springframework.test.context.support.DefaultBootstrapContext(java.lang.Class,org.springframework.test.context.CacheAwareContextLoaderDelegate)]
16:50:33.602 [Test worker] DEBUG org.springframework.test.context.BootstrapUtils - Instantiating TestContextBootstrapper for test class [engine.TestQuizEngine] from class [org.springframework.boot.test.context.SpringBootTestContextBootstrapper]
16:50:33.655 [Test worker] INFO org.springframework.boot.test.context.SpringBootTestContextBootstrapper - Neither @ContextConfiguration nor @ContextHierarchy found for test class [engine.TestQuizEngine], using SpringBootContextLoader
16:50:33.724 [Test worker] DEBUG org.springframework.test.context.support.AbstractContextLoader - Did not detect default resource location for test class [engine.TestQuizEngine]: class path resource [engine/TestQuizEngine-context.xml] does not exist
16:50:33.727 [Test worker] DEBUG org.springframework.test.context.support.AbstractContextLoader - Did not detect default resource location for test class [engine.TestQuizEngine]: class path resource [engine/TestQuizEngineContext.groovy] does not exist
16:50:33.729 [Test worker] INFO org.springframework.test.context.support.AbstractContextLoader - Could not detect default resource locations for test class [engine.TestQuizEngine]: no resource found for suffixes {-context.xml, Context.groovy}.
16:50:33.731 [Test worker] INFO org.springframework.test.context.support.AnnotationConfigContextLoaderUtils - Could not detect default configuration classes for test class [engine.TestQuizEngine]: TestQuizEngine does not declare any static, non-private, non-final, nested classes annotated with @Configuration.
16:50:33.910 [Test worker] DEBUG org.springframework.test.context.support.ActiveProfilesUtils - Could not find an 'annotation declaring class' for annotation type [org.springframework.test.context.ActiveProfiles] and class [engine.TestQuizEngine]
16:50:34.115 [Test worker] DEBUG org.springframework.context.annotation.ClassPathScanningCandidateComponentProvider - Identified candidate component class: file [C:\Users\Sergey\IdeaProjects\MyOwnProjects\Quiz\QuizEngine\build\classes\java\main\engine\QuizEngine.class]
16:50:34.146 [Test worker] INFO org.springframework.boot.test.context.SpringBootTestContextBootstrapper - Found @SpringBootConfiguration engine.QuizEngine for test class engine.TestQuizEngine
16:50:34.405 [Test worker] DEBUG org.springframework.boot.test.context.SpringBootTestContextBootstrapper - @TestExecutionListeners is not present for class [engine.TestQuizEngine]: using defaults.
16:50:34.406 [Test worker] INFO org.springframework.boot.test.context.SpringBootTestContextBootstrapper - Loaded default TestExecutionListener class names from location [META-INF/spring.factories]: [org.springframework.security.test.context.support.WithSecurityContextTestExecutionListener, org.springframework.security.test.context.support.ReactorContextTestExecutionListener, org.springframework.boot.test.autoconfigure.restdocs.RestDocsTestExecutionListener, org.springframework.boot.test.autoconfigure.web.client.MockRestServiceServerResetTestExecutionListener, org.springframework.boot.test.autoconfigure.web.servlet.MockMvcPrintOnlyOnFailureTestExecutionListener, org.springframework.boot.test.autoconfigure.web.servlet.WebDriverTestExecutionListener, org.springframework.boot.test.mock.mockito.MockitoTestExecutionListener, org.springframework.boot.test.mock.mockito.ResetMocksTestExecutionListener, org.springframework.test.context.web.ServletTestExecutionListener, org.springframework.test.context.support.DirtiesContextBeforeModesTestExecutionListener, org.springframework.test.context.support.DependencyInjectionTestExecutionListener, org.springframework.test.context.support.DirtiesContextTestExecutionListener, org.springframework.test.context.transaction.TransactionalTestExecutionListener, org.springframework.test.context.jdbc.SqlScriptsTestExecutionListener, org.springframework.test.context.event.EventPublishingTestExecutionListener]
16:50:34.444 [Test worker] INFO org.springframework.boot.test.context.SpringBootTestContextBootstrapper - Using TestExecutionListeners: [org.springframework.test.context.web.ServletTestExecutionListener@72414480, org.springframework.test.context.support.DirtiesContextBeforeModesTestExecutionListener@46af8c9d, org.springframework.boot.test.mock.mockito.MockitoTestExecutionListener@2a8a8860, org.springframework.boot.test.autoconfigure.SpringBootDependencyInjectionTestExecutionListener@33bcdf1d, org.springframework.test.context.support.DirtiesContextTestExecutionListener@4b21e8ae, org.springframework.test.context.transaction.TransactionalTestExecutionListener@71d04e33, org.springframework.test.context.jdbc.SqlScriptsTestExecutionListener@fe701e1, org.springframework.security.test.context.support.WithSecurityContextTestExecutionListener@5af66337, org.springframework.test.context.event.EventPublishingTestExecutionListener@1ed6845f, org.springframework.security.test.context.support.ReactorContextTestExecutionListener@6d84e060, org.springframework.boot.test.autoconfigure.restdocs.RestDocsTestExecutionListener@5adb0c38, org.springframework.boot.test.autoconfigure.web.client.MockRestServiceServerResetTestExecutionListener@335d238f, org.springframework.boot.test.autoconfigure.web.servlet.MockMvcPrintOnlyOnFailureTestExecutionListener@1983bdc7, org.springframework.boot.test.autoconfigure.web.servlet.WebDriverTestExecutionListener@534ec977, org.springframework.boot.test.mock.mockito.ResetMocksTestExecutionListener@51f6a5ea]
16:50:34.454 [Test worker] DEBUG org.springframework.test.context.support.AbstractDirtiesContextTestExecutionListener - Before test class: context [DefaultTestContext@27dd91d0 testClass = TestQuizEngine, testInstance = [null], testMethod = [null], testException = [null], mergedContextConfiguration = [WebMergedContextConfiguration@72a649de testClass = TestQuizEngine, locations = '{}', classes = '{class engine.QuizEngine}', contextInitializerClasses = '[]', activeProfiles = '{}', propertySourceLocations = '{classpath:/application-test.properties}', propertySourceProperties = '{org.springframework.boot.test.context.SpringBootTestContextBootstrapper=true}', contextCustomizers = set[org.springframework.boot.test.autoconfigure.properties.PropertyMappingContextCustomizer@4b3fa0b3, org.springframework.boot.test.autoconfigure.web.servlet.WebDriverContextCustomizerFactory$Customizer@65595093, [ImportsContextCustomizer@6028517c key = [org.springframework.boot.test.autoconfigure.web.servlet.MockMvcAutoConfiguration, org.springframework.boot.test.autoconfigure.web.servlet.MockMvcWebClientAutoConfiguration, org.springframework.boot.test.autoconfigure.web.servlet.MockMvcWebDriverAutoConfiguration, org.springframework.boot.autoconfigure.security.servlet.SecurityAutoConfiguration, org.springframework.boot.autoconfigure.security.servlet.UserDetailsServiceAutoConfiguration, org.springframework.boot.test.autoconfigure.web.servlet.MockMvcSecurityConfiguration]], org.springframework.boot.test.context.filter.ExcludeFilterContextCustomizer@7fed96be, org.springframework.boot.test.json.DuplicateJsonObjectContextCustomizerFactory$DuplicateJsonObjectContextCustomizer@215c566, org.springframework.boot.test.mock.mockito.MockitoContextCustomizer@0, org.springframework.boot.test.web.client.TestRestTemplateContextCustomizer@4060f971], resourceBasePath = 'src/main/webapp', contextLoader = 'org.springframework.boot.test.context.SpringBootContextLoader', parent = [null]], attributes = map['org.springframework.test.context.web.ServletTestExecutionListener.activateListener' -> true]], class annotated with @DirtiesContext [false] with mode [null].
16:50:34.512 [Test worker] DEBUG org.springframework.test.context.support.TestPropertySourceUtils - Adding inlined properties to environment: {spring.jmx.enabled=false, org.springframework.boot.test.context.SpringBootTestContextBootstrapper=true, server.port=-1}

  .   ____          _            __ _ _
 /\\ / ___'_ __ _ _(_)_ __  __ _ \ \ \ \
( ( )\___ | '_ | '_| | '_ \/ _` | \ \ \ \
 \\/  ___)| |_)| | | | | || (_| |  ) ) ) )
  '  |____| .__|_| |_|_| |_\__, | / / / /
 =========|_|==============|___/=/_/_/_/
 :: Spring Boot ::        (v2.2.1.RELEASE)

2020-08-24 16:50:35.417  INFO 11096 --- [    Test worker] engine.TestQuizEngine                    : Starting TestQuizEngine on DESKTOP-R1TI04S with PID 11096 (started by Sergey in C:\Users\Sergey\IdeaProjects\MyOwnProjects\Quiz\QuizEngine)
2020-08-24 16:50:35.421  INFO 11096 --- [    Test worker] engine.TestQuizEngine                    : No active profile set, falling back to default profiles: default
2020-08-24 16:50:39.079  INFO 11096 --- [    Test worker] .s.d.r.c.RepositoryConfigurationDelegate : Bootstrapping Spring Data repositories in DEFAULT mode.
2020-08-24 16:50:39.315  INFO 11096 --- [    Test worker] .s.d.r.c.RepositoryConfigurationDelegate : Finished Spring Data repository scanning in 209ms. Found 2 repository interfaces.
2020-08-24 16:50:40.796  INFO 11096 --- [    Test worker] trationDelegate$BeanPostProcessorChecker : Bean 'org.springframework.transaction.annotation.ProxyTransactionManagementConfiguration' of type [org.springframework.transaction.annotation.ProxyTransactionManagementConfiguration] is not eligible for getting processed by all BeanPostProcessors (for example: not eligible for auto-proxying)
2020-08-24 16:50:41.487  INFO 11096 --- [    Test worker] o.hibernate.jpa.internal.util.LogHelper  : HHH000204: Processing PersistenceUnitInfo [name: default]
2020-08-24 16:50:41.703  INFO 11096 --- [    Test worker] org.hibernate.Version                    : HHH000412: Hibernate Core {5.4.8.Final}
2020-08-24 16:50:42.139  INFO 11096 --- [    Test worker] o.hibernate.annotations.common.Version   : HCANN000001: Hibernate Commons Annotations {5.1.0.Final}
2020-08-24 16:50:42.558  INFO 11096 --- [    Test worker] com.zaxxer.hikari.HikariDataSource       : HikariPool-1 - Starting...
2020-08-24 16:50:43.413  INFO 11096 --- [    Test worker] com.zaxxer.hikari.HikariDataSource       : HikariPool-1 - Start completed.
2020-08-24 16:50:43.534  INFO 11096 --- [    Test worker] org.hibernate.dialect.Dialect            : HHH000400: Using dialect: org.hibernate.dialect.H2Dialect
2020-08-24 16:50:46.303  INFO 11096 --- [    Test worker] o.h.e.t.j.p.i.JtaPlatformInitiator       : HHH000490: Using JtaPlatform implementation: [org.hibernate.engine.transaction.jta.platform.internal.NoJtaPlatform]
2020-08-24 16:50:46.334  INFO 11096 --- [    Test worker] j.LocalContainerEntityManagerFactoryBean : Initialized JPA EntityManagerFactory for persistence unit 'default'
2020-08-24 16:50:46.573  WARN 11096 --- [    Test worker] JpaBaseConfiguration$JpaWebConfiguration : spring.jpa.open-in-view is enabled by default. Therefore, database queries may be performed during view rendering. Explicitly configure spring.jpa.open-in-view to disable this warning
2020-08-24 16:50:50.291  INFO 11096 --- [    Test worker] o.s.s.concurrent.ThreadPoolTaskExecutor  : Initializing ExecutorService 'applicationTaskExecutor'
2020-08-24 16:50:52.920  INFO 11096 --- [    Test worker] o.s.s.web.DefaultSecurityFilterChain     : Creating filter chain: any request, [org.springframework.security.web.context.request.async.WebAsyncManagerIntegrationFilter@8086b58, org.springframework.security.web.context.SecurityContextPersistenceFilter@795dc037, org.springframework.security.web.header.HeaderWriterFilter@34d164e9, org.springframework.security.web.authentication.logout.LogoutFilter@4734e353, org.springframework.security.web.authentication.www.BasicAuthenticationFilter@5747ff50, org.springframework.security.web.savedrequest.RequestCacheAwareFilter@4426259f, org.springframework.security.web.servletapi.SecurityContextHolderAwareRequestFilter@17b9f226, org.springframework.security.web.authentication.AnonymousAuthenticationFilter@3c3ea4f0, org.springframework.security.web.session.SessionManagementFilter@7df5d1b6, org.springframework.security.web.access.ExceptionTranslationFilter@67ea33a1, org.springframework.security.web.access.intercept.FilterSecurityInterceptor@6eb184d1]
2020-08-24 16:50:53.110  INFO 11096 --- [    Test worker] o.s.b.a.h2.H2ConsoleAutoConfiguration    : H2 console available at '/h2-console'. Database available at 'jdbc:h2:file:../quizdb-test'
2020-08-24 16:50:53.437  INFO 11096 --- [    Test worker] o.s.b.t.m.w.SpringBootMockServletContext : Initializing Spring TestDispatcherServlet ''
2020-08-24 16:50:53.438  INFO 11096 --- [    Test worker] o.s.t.web.servlet.TestDispatcherServlet  : Initializing Servlet ''
2020-08-24 16:50:53.473  INFO 11096 --- [    Test worker] o.s.b.a.e.web.EndpointLinksResolver      : Exposing 14 endpoint(s) beneath base path '/actuator'
2020-08-24 16:50:53.634  INFO 11096 --- [    Test worker] o.s.t.web.servlet.TestDispatcherServlet  : Completed initialization in 195 ms
2020-08-24 16:50:53.777  INFO 11096 --- [    Test worker] engine.TestQuizEngine                    : Started TestQuizEngine in 19.245 seconds (JVM running for 23.603)
Hibernate: select user0_.id as id1_4_, user0_.active as active2_4_, user0_.email as email3_4_, user0_.password as password4_4_, user0_.roles as roles5_4_ from user user0_
Hibernate: call next value for hibernate_sequence
Hibernate: insert into user (active, email, password, roles, id) values (?, ?, ?, ?, ?)
Hibernate: select quiz0_.id as id1_3_0_, quiz0_.creator as creator2_3_0_, quiz0_.text as text3_3_0_, quiz0_.title as title4_3_0_ from quiz quiz0_ where quiz0_.id=?
Hibernate: select options0_.options_id as options_3_2_0_, options0_.option_id as option_i1_2_0_, options0_.option_id as option_i1_2_1_, options0_.option as option2_2_1_ from option options0_ where options0_.options_id=?

MockHttpServletRequest:
      HTTP Method = GET
      Request URI = /api/quizzes/1
       Parameters = {}
          Headers = []
             Body = null
    Session Attrs = {SPRING_SECURITY_CONTEXT=org.springframework.security.core.context.SecurityContextImpl@9e8d6351: Authentication: org.springframework.security.authentication.UsernamePasswordAuthenticationToken@9e8d6351: Principal: org.springframework.security.core.userdetails.User@17d5e403: Username: test@gmail.com; Password: [PROTECTED]; Enabled: true; AccountNonExpired: true; credentialsNonExpired: true; AccountNonLocked: true; Granted Authorities: ROLE_ADMIN; Credentials: [PROTECTED]; Authenticated: true; Details: null; Granted Authorities: ROLE_ADMIN}

Handler:
             Type = engine.controller.TaskController
           Method = engine.controller.TaskController#getQuiz(String)

Async:
    Async started = false
     Async result = null

Resolved Exception:
             Type = null

ModelAndView:
        View name = null
             View = null
            Model = null

FlashMap:
       Attributes = null

MockHttpServletResponse:
           Status = 200
    Error message = null
          Headers = [Content-Type:"application/json", X-Content-Type-Options:"nosniff", X-XSS-Protection:"1; mode=block", Cache-Control:"no-cache, no-store, max-age=0, must-revalidate", Pragma:"no-cache", Expires:"0", X-Frame-Options:"DENY"]
     Content type = application/json
             Body = {"id":1,"title":"Tea drinks","text":"Select only tea drinks.","creator":"test@gmail.com","options":[{"optionId":1,"option":"black tea"},{"optionId":2,"option":"green tea"},{"optionId":3,"option":"Cappuccino"},{"optionId":4,"option":"Sprite"}],"answers":null,"correct":true}
    Forwarded URL = null
   Redirected URL = null
          Cookies = []
Hibernate: call next value for hibernate_sequence
Hibernate: call next value for hibernate_sequence
Hibernate: call next value for hibernate_sequence
Hibernate: call next value for hibernate_sequence
Hibernate: call next value for hibernate_sequence
Hibernate: call next value for hibernate_sequence
Hibernate: call next value for hibernate_sequence
Hibernate: insert into quiz (creator, text, title, id) values (?, ?, ?, ?)
Hibernate: insert into answer (answer, answer_id) values (?, ?)
Hibernate: insert into answer (answer, answer_id) values (?, ?)
Hibernate: insert into option (option, option_id) values (?, ?)
Hibernate: insert into option (option, option_id) values (?, ?)
Hibernate: insert into option (option, option_id) values (?, ?)
Hibernate: insert into option (option, option_id) values (?, ?)
Hibernate: update answer set answers_id=? where answer_id=?
Hibernate: update answer set answers_id=? where answer_id=?
Hibernate: update option set options_id=? where option_id=?
Hibernate: update option set options_id=? where option_id=?
Hibernate: update option set options_id=? where option_id=?
Hibernate: update option set options_id=? where option_id=?
]]></system-out>
  <system-err><![CDATA[]]></system-err>
</testsuite>
