<?xml version="1.0" encoding="UTF-8"?>
<testsuite name="engine.TestQuizEngine" tests="7" skipped="0" failures="0" errors="0" timestamp="2020-08-25T17:08:18" hostname="DESKTOP-R1TI04S" time="3.77">
  <properties/>
  <testcase name="addUser()" classname="engine.TestQuizEngine" time="1.592"/>
  <testcase name="getAllQuizzesPaging()" classname="engine.TestQuizEngine" time="0.405"/>
  <testcase name="solveQuiz()" classname="engine.TestQuizEngine" time="0.714"/>
  <testcase name="CompletedQuizPagenation()" classname="engine.TestQuizEngine" time="0.233"/>
  <testcase name="getQuizById()" classname="engine.TestQuizEngine" time="0.245"/>
  <testcase name="sendQuiz()" classname="engine.TestQuizEngine" time="0.19"/>
  <testcase name="deleteQuiz()" classname="engine.TestQuizEngine" time="0.328"/>
  <system-out><![CDATA[20:07:59.028 [Test worker] DEBUG org.springframework.test.context.BootstrapUtils - Instantiating CacheAwareContextLoaderDelegate from class [org.springframework.test.context.cache.DefaultCacheAwareContextLoaderDelegate]
20:07:59.067 [Test worker] DEBUG org.springframework.test.context.BootstrapUtils - Instantiating BootstrapContext using constructor [public org.springframework.test.context.support.DefaultBootstrapContext(java.lang.Class,org.springframework.test.context.CacheAwareContextLoaderDelegate)]
20:07:59.133 [Test worker] DEBUG org.springframework.test.context.BootstrapUtils - Instantiating TestContextBootstrapper for test class [engine.TestQuizEngine] from class [org.springframework.boot.test.context.SpringBootTestContextBootstrapper]
20:07:59.176 [Test worker] INFO org.springframework.boot.test.context.SpringBootTestContextBootstrapper - Neither @ContextConfiguration nor @ContextHierarchy found for test class [engine.TestQuizEngine], using SpringBootContextLoader
20:07:59.184 [Test worker] DEBUG org.springframework.test.context.support.AbstractContextLoader - Did not detect default resource location for test class [engine.TestQuizEngine]: class path resource [engine/TestQuizEngine-context.xml] does not exist
20:07:59.185 [Test worker] DEBUG org.springframework.test.context.support.AbstractContextLoader - Did not detect default resource location for test class [engine.TestQuizEngine]: class path resource [engine/TestQuizEngineContext.groovy] does not exist
20:07:59.186 [Test worker] INFO org.springframework.test.context.support.AbstractContextLoader - Could not detect default resource locations for test class [engine.TestQuizEngine]: no resource found for suffixes {-context.xml, Context.groovy}.
20:07:59.189 [Test worker] INFO org.springframework.test.context.support.AnnotationConfigContextLoaderUtils - Could not detect default configuration classes for test class [engine.TestQuizEngine]: TestQuizEngine does not declare any static, non-private, non-final, nested classes annotated with @Configuration.
20:07:59.338 [Test worker] DEBUG org.springframework.test.context.support.ActiveProfilesUtils - Could not find an 'annotation declaring class' for annotation type [org.springframework.test.context.ActiveProfiles] and class [engine.TestQuizEngine]
20:07:59.554 [Test worker] DEBUG org.springframework.context.annotation.ClassPathScanningCandidateComponentProvider - Identified candidate component class: file [C:\Users\Sergey\IdeaProjects\MyOwnProjects\Quiz\QuizEngine\build\classes\java\main\engine\QuizEngine.class]
20:07:59.560 [Test worker] INFO org.springframework.boot.test.context.SpringBootTestContextBootstrapper - Found @SpringBootConfiguration engine.QuizEngine for test class engine.TestQuizEngine
20:07:59.969 [Test worker] DEBUG org.springframework.boot.test.context.SpringBootTestContextBootstrapper - @TestExecutionListeners is not present for class [engine.TestQuizEngine]: using defaults.
20:07:59.971 [Test worker] INFO org.springframework.boot.test.context.SpringBootTestContextBootstrapper - Loaded default TestExecutionListener class names from location [META-INF/spring.factories]: [org.springframework.security.test.context.support.WithSecurityContextTestExecutionListener, org.springframework.security.test.context.support.ReactorContextTestExecutionListener, org.springframework.boot.test.autoconfigure.restdocs.RestDocsTestExecutionListener, org.springframework.boot.test.autoconfigure.web.client.MockRestServiceServerResetTestExecutionListener, org.springframework.boot.test.autoconfigure.web.servlet.MockMvcPrintOnlyOnFailureTestExecutionListener, org.springframework.boot.test.autoconfigure.web.servlet.WebDriverTestExecutionListener, org.springframework.boot.test.mock.mockito.MockitoTestExecutionListener, org.springframework.boot.test.mock.mockito.ResetMocksTestExecutionListener, org.springframework.test.context.web.ServletTestExecutionListener, org.springframework.test.context.support.DirtiesContextBeforeModesTestExecutionListener, org.springframework.test.context.support.DependencyInjectionTestExecutionListener, org.springframework.test.context.support.DirtiesContextTestExecutionListener, org.springframework.test.context.transaction.TransactionalTestExecutionListener, org.springframework.test.context.jdbc.SqlScriptsTestExecutionListener, org.springframework.test.context.event.EventPublishingTestExecutionListener]
20:08:00.087 [Test worker] INFO org.springframework.boot.test.context.SpringBootTestContextBootstrapper - Using TestExecutionListeners: [org.springframework.test.context.web.ServletTestExecutionListener@26c7cc4e, org.springframework.test.context.support.DirtiesContextBeforeModesTestExecutionListener@503efdc3, org.springframework.boot.test.mock.mockito.MockitoTestExecutionListener@50fbccad, org.springframework.boot.test.autoconfigure.SpringBootDependencyInjectionTestExecutionListener@5f00686d, org.springframework.test.context.support.DirtiesContextTestExecutionListener@473d6a7f, org.springframework.test.context.transaction.TransactionalTestExecutionListener@604a57be, org.springframework.test.context.jdbc.SqlScriptsTestExecutionListener@6eda71be, org.springframework.security.test.context.support.WithSecurityContextTestExecutionListener@32452f08, org.springframework.test.context.event.EventPublishingTestExecutionListener@1e87d5ad, org.springframework.security.test.context.support.ReactorContextTestExecutionListener@2cc29664, org.springframework.boot.test.autoconfigure.restdocs.RestDocsTestExecutionListener@11a845c3, org.springframework.boot.test.autoconfigure.web.client.MockRestServiceServerResetTestExecutionListener@a8e1591, org.springframework.boot.test.autoconfigure.web.servlet.MockMvcPrintOnlyOnFailureTestExecutionListener@2a0483d0, org.springframework.boot.test.autoconfigure.web.servlet.WebDriverTestExecutionListener@124d5142, org.springframework.boot.test.mock.mockito.ResetMocksTestExecutionListener@41989895]
20:08:00.129 [Test worker] DEBUG org.springframework.test.context.support.AbstractDirtiesContextTestExecutionListener - Before test class: context [DefaultTestContext@314fffe3 testClass = TestQuizEngine, testInstance = [null], testMethod = [null], testException = [null], mergedContextConfiguration = [WebMergedContextConfiguration@6bdc2c94 testClass = TestQuizEngine, locations = '{}', classes = '{class engine.QuizEngine}', contextInitializerClasses = '[]', activeProfiles = '{}', propertySourceLocations = '{classpath:/application-test.properties}', propertySourceProperties = '{org.springframework.boot.test.context.SpringBootTestContextBootstrapper=true}', contextCustomizers = set[org.springframework.boot.test.autoconfigure.properties.PropertyMappingContextCustomizer@4b3fa0b3, org.springframework.boot.test.autoconfigure.web.servlet.WebDriverContextCustomizerFactory$Customizer@5d30c1c4, [ImportsContextCustomizer@70697a54 key = [org.springframework.boot.test.autoconfigure.web.servlet.MockMvcAutoConfiguration, org.springframework.boot.test.autoconfigure.web.servlet.MockMvcWebClientAutoConfiguration, org.springframework.boot.test.autoconfigure.web.servlet.MockMvcWebDriverAutoConfiguration, org.springframework.boot.autoconfigure.security.servlet.SecurityAutoConfiguration, org.springframework.boot.autoconfigure.security.servlet.UserDetailsServiceAutoConfiguration, org.springframework.boot.test.autoconfigure.web.servlet.MockMvcSecurityConfiguration]], org.springframework.boot.test.context.filter.ExcludeFilterContextCustomizer@1b23afc5, org.springframework.boot.test.json.DuplicateJsonObjectContextCustomizerFactory$DuplicateJsonObjectContextCustomizer@1c2488bc, org.springframework.boot.test.mock.mockito.MockitoContextCustomizer@0, org.springframework.boot.test.web.client.TestRestTemplateContextCustomizer@72e045eb], resourceBasePath = 'src/main/webapp', contextLoader = 'org.springframework.boot.test.context.SpringBootContextLoader', parent = [null]], attributes = map['org.springframework.test.context.web.ServletTestExecutionListener.activateListener' -> true]], class annotated with @DirtiesContext [false] with mode [null].
20:08:00.251 [Test worker] DEBUG org.springframework.test.context.support.TestPropertySourceUtils - Adding inlined properties to environment: {spring.jmx.enabled=false, org.springframework.boot.test.context.SpringBootTestContextBootstrapper=true, server.port=-1}

  .   ____          _            __ _ _
 /\\ / ___'_ __ _ _(_)_ __  __ _ \ \ \ \
( ( )\___ | '_ | '_| | '_ \/ _` | \ \ \ \
 \\/  ___)| |_)| | | | | || (_| |  ) ) ) )
  '  |____| .__|_| |_|_| |_\__, | / / / /
 =========|_|==============|___/=/_/_/_/
 :: Spring Boot ::        (v2.2.1.RELEASE)

2020-08-25 20:08:01.653  INFO 10900 --- [    Test worker] engine.TestQuizEngine                    : Starting TestQuizEngine on DESKTOP-R1TI04S with PID 10900 (started by Sergey in C:\Users\Sergey\IdeaProjects\MyOwnProjects\Quiz\QuizEngine)
2020-08-25 20:08:01.658  INFO 10900 --- [    Test worker] engine.TestQuizEngine                    : No active profile set, falling back to default profiles: default
2020-08-25 20:08:04.915  INFO 10900 --- [    Test worker] .s.d.r.c.RepositoryConfigurationDelegate : Bootstrapping Spring Data repositories in DEFAULT mode.
2020-08-25 20:08:05.101  INFO 10900 --- [    Test worker] .s.d.r.c.RepositoryConfigurationDelegate : Finished Spring Data repository scanning in 159ms. Found 2 repository interfaces.
2020-08-25 20:08:06.496  INFO 10900 --- [    Test worker] trationDelegate$BeanPostProcessorChecker : Bean 'org.springframework.transaction.annotation.ProxyTransactionManagementConfiguration' of type [org.springframework.transaction.annotation.ProxyTransactionManagementConfiguration] is not eligible for getting processed by all BeanPostProcessors (for example: not eligible for auto-proxying)
2020-08-25 20:08:07.137  INFO 10900 --- [    Test worker] o.hibernate.jpa.internal.util.LogHelper  : HHH000204: Processing PersistenceUnitInfo [name: default]
2020-08-25 20:08:07.371  INFO 10900 --- [    Test worker] org.hibernate.Version                    : HHH000412: Hibernate Core {5.4.8.Final}
2020-08-25 20:08:07.785  INFO 10900 --- [    Test worker] o.hibernate.annotations.common.Version   : HCANN000001: Hibernate Commons Annotations {5.1.0.Final}
2020-08-25 20:08:08.157  INFO 10900 --- [    Test worker] com.zaxxer.hikari.HikariDataSource       : HikariPool-1 - Starting...
2020-08-25 20:08:08.769  INFO 10900 --- [    Test worker] com.zaxxer.hikari.HikariDataSource       : HikariPool-1 - Start completed.
2020-08-25 20:08:08.815  INFO 10900 --- [    Test worker] org.hibernate.dialect.Dialect            : HHH000400: Using dialect: org.hibernate.dialect.H2Dialect
2020-08-25 20:08:10.903  INFO 10900 --- [    Test worker] o.h.e.t.j.p.i.JtaPlatformInitiator       : HHH000490: Using JtaPlatform implementation: [org.hibernate.engine.transaction.jta.platform.internal.NoJtaPlatform]
2020-08-25 20:08:10.926  INFO 10900 --- [    Test worker] j.LocalContainerEntityManagerFactoryBean : Initialized JPA EntityManagerFactory for persistence unit 'default'
2020-08-25 20:08:11.171  WARN 10900 --- [    Test worker] JpaBaseConfiguration$JpaWebConfiguration : spring.jpa.open-in-view is enabled by default. Therefore, database queries may be performed during view rendering. Explicitly configure spring.jpa.open-in-view to disable this warning
2020-08-25 20:08:14.480  INFO 10900 --- [    Test worker] o.s.s.concurrent.ThreadPoolTaskExecutor  : Initializing ExecutorService 'applicationTaskExecutor'
2020-08-25 20:08:17.548  INFO 10900 --- [    Test worker] o.s.s.web.DefaultSecurityFilterChain     : Creating filter chain: any request, [org.springframework.security.web.context.request.async.WebAsyncManagerIntegrationFilter@47572d9, org.springframework.security.web.context.SecurityContextPersistenceFilter@7e38b6b, org.springframework.security.web.header.HeaderWriterFilter@1bfd56e2, org.springframework.security.web.authentication.logout.LogoutFilter@664c1d28, org.springframework.security.web.authentication.www.BasicAuthenticationFilter@5be036e6, org.springframework.security.web.savedrequest.RequestCacheAwareFilter@433d9864, org.springframework.security.web.servletapi.SecurityContextHolderAwareRequestFilter@6d57f253, org.springframework.security.web.authentication.AnonymousAuthenticationFilter@4cccc86f, org.springframework.security.web.session.SessionManagementFilter@516dba30, org.springframework.security.web.access.ExceptionTranslationFilter@29e0ca8c, org.springframework.security.web.access.intercept.FilterSecurityInterceptor@33286185]
2020-08-25 20:08:17.808  INFO 10900 --- [    Test worker] o.s.b.a.h2.H2ConsoleAutoConfiguration    : H2 console available at '/h2-console'. Database available at 'jdbc:h2:file:../quizdb-test'
2020-08-25 20:08:18.188  INFO 10900 --- [    Test worker] o.s.b.t.m.w.SpringBootMockServletContext : Initializing Spring TestDispatcherServlet ''
2020-08-25 20:08:18.188  INFO 10900 --- [    Test worker] o.s.t.web.servlet.TestDispatcherServlet  : Initializing Servlet ''
2020-08-25 20:08:18.226  INFO 10900 --- [    Test worker] o.s.b.a.e.web.EndpointLinksResolver      : Exposing 14 endpoint(s) beneath base path '/actuator'
2020-08-25 20:08:18.387  INFO 10900 --- [    Test worker] o.s.t.web.servlet.TestDispatcherServlet  : Completed initialization in 199 ms
2020-08-25 20:08:18.587  INFO 10900 --- [    Test worker] engine.TestQuizEngine                    : Started TestQuizEngine in 18.297 seconds (JVM running for 22.369)
Hibernate: select user0_.id as id1_4_, user0_.active as active2_4_, user0_.email as email3_4_, user0_.password as password4_4_, user0_.roles as roles5_4_ from user user0_
Hibernate: call next value for hibernate_sequence
Hibernate: insert into user (active, email, password, roles, id) values (?, ?, ?, ?, ?)
Hibernate: select quiz0_.id as id1_3_, quiz0_.creator as creator2_3_, quiz0_.text as text3_3_, quiz0_.title as title4_3_ from quiz quiz0_ order by quiz0_.id asc limit ?
Hibernate: select options0_.options_id as options_3_2_0_, options0_.option_id as option_i1_2_0_, options0_.option_id as option_i1_2_1_, options0_.option as option2_2_1_ from option options0_ where options0_.options_id=?
Hibernate: select answers0_.answers_id as answers_3_0_0_, answers0_.answer_id as answer_i1_0_0_, answers0_.answer_id as answer_i1_0_1_, answers0_.answer as answer2_0_1_ from answer answers0_ where answers0_.answers_id=?

MockHttpServletRequest:
      HTTP Method = GET
      Request URI = /api/quizzes
       Parameters = {page=[0]}
          Headers = []
             Body = null
    Session Attrs = {SPRING_SECURITY_CONTEXT=org.springframework.security.core.context.SecurityContextImpl@9e8d6351: Authentication: org.springframework.security.authentication.UsernamePasswordAuthenticationToken@9e8d6351: Principal: org.springframework.security.core.userdetails.User@17d5e403: Username: test@gmail.com; Password: [PROTECTED]; Enabled: true; AccountNonExpired: true; credentialsNonExpired: true; AccountNonLocked: true; Granted Authorities: ROLE_ADMIN; Credentials: [PROTECTED]; Authenticated: true; Details: null; Granted Authorities: ROLE_ADMIN}

Handler:
             Type = engine.controller.TaskController
           Method = engine.controller.TaskController#getAllQuizzesPaging(int)

Async:
    Async started = false
     Async result = null

Resolved Exception:
             Type = null

ModelAndView:
        View name = null
             View = null
            Model = null

FlashMap:
       Attributes = null

MockHttpServletResponse:
           Status = 200
    Error message = null
          Headers = [Content-Type:"application/json", X-Content-Type-Options:"nosniff", X-XSS-Protection:"1; mode=block", Cache-Control:"no-cache, no-store, max-age=0, must-revalidate", Pragma:"no-cache", Expires:"0", X-Frame-Options:"DENY"]
     Content type = application/json
             Body = {"totalPages":1,"totalElements":1,"last":true,"first":true,"sort":{"unsorted":false,"sorted":true,"empty":false},"number":0,"numberOfElements":1,"size":10,"empty":false,"pageable":{"sort":{"unsorted":false,"sorted":true,"empty":false},"offset":0,"pageNumber":0,"pageSize":10,"paged":true,"unpaged":false},"content":[{"id":1,"title":"Tea drinks","text":"Select only tea drinks.","creator":"test@gmail.com","options":[{"optionId":1,"option":"black tea"},{"optionId":2,"option":"green tea"},{"optionId":3,"option":"Cappuccino"},{"optionId":4,"option":"Sprite"}],"answers":[{"answerId":1,"answer":0},{"answerId":2,"answer":1}],"correct":true}]}
    Forwarded URL = null
   Redirected URL = null
          Cookies = []
Hibernate: select quiz0_.id as id1_3_0_, quiz0_.creator as creator2_3_0_, quiz0_.text as text3_3_0_, quiz0_.title as title4_3_0_ from quiz quiz0_ where quiz0_.id=?
Hibernate: select answers0_.answers_id as answers_3_0_0_, answers0_.answer_id as answer_i1_0_0_, answers0_.answer_id as answer_i1_0_1_, answers0_.answer as answer2_0_1_ from answer answers0_ where answers0_.answers_id=?
Hibernate: select user0_.id as id1_4_, user0_.active as active2_4_, user0_.email as email3_4_, user0_.password as password4_4_, user0_.roles as roles5_4_ from user user0_
Hibernate: select completed0_.completed_id as complete4_1_0_, completed0_.id as id1_1_0_, completed0_.id as id1_1_1_, completed0_.completed_at as complete2_1_1_, completed0_.quiz_id as quiz_id3_1_1_ from completed_quiz completed0_ where completed0_.completed_id=?
Hibernate: call next value for hibernate_sequence
Hibernate: insert into completed_quiz (completed_at, quiz_id, id) values (?, ?, ?)
Hibernate: update completed_quiz set completed_id=? where id=?
1

MockHttpServletRequest:
      HTTP Method = POST
      Request URI = /api/quizzes/1/solve
       Parameters = {}
          Headers = [Content-Type:"application/json;charset=UTF-8"]
             Body = {"answer":[0,1]}
    Session Attrs = {SPRING_SECURITY_CONTEXT=org.springframework.security.core.context.SecurityContextImpl@9e8d6351: Authentication: org.springframework.security.authentication.UsernamePasswordAuthenticationToken@9e8d6351: Principal: org.springframework.security.core.userdetails.User@17d5e403: Username: test@gmail.com; Password: [PROTECTED]; Enabled: true; AccountNonExpired: true; credentialsNonExpired: true; AccountNonLocked: true; Granted Authorities: ROLE_ADMIN; Credentials: [PROTECTED]; Authenticated: true; Details: null; Granted Authorities: ROLE_ADMIN}

Handler:
             Type = engine.controller.TaskController
           Method = engine.controller.TaskController#solveQuiz(Integer, Hashtable)

Async:
    Async started = false
     Async result = null

Resolved Exception:
             Type = null

ModelAndView:
        View name = null
             View = null
            Model = null

FlashMap:
       Attributes = null

MockHttpServletResponse:
           Status = 200
    Error message = null
          Headers = [Content-Type:"application/json", X-Content-Type-Options:"nosniff", X-XSS-Protection:"1; mode=block", Cache-Control:"no-cache, no-store, max-age=0, must-revalidate", Pragma:"no-cache", Expires:"0", X-Frame-Options:"DENY"]
     Content type = application/json
             Body = {"success":true,"feedback":"Congratulations, you're right!"}
    Forwarded URL = null
   Redirected URL = null
          Cookies = []
Hibernate: select user0_.id as id1_4_, user0_.active as active2_4_, user0_.email as email3_4_, user0_.password as password4_4_, user0_.roles as roles5_4_ from user user0_
Hibernate: select completed1_.id as id1_1_, completed1_.completed_at as complete2_1_, completed1_.quiz_id as quiz_id3_1_ from user user0_ inner join completed_quiz completed1_ on user0_.id=completed1_.completed_id where user0_.id=? order by completed1_.completed_at desc limit ?

MockHttpServletRequest:
      HTTP Method = GET
      Request URI = /api/quizzes/completed
       Parameters = {page=[0]}
          Headers = []
             Body = null
    Session Attrs = {SPRING_SECURITY_CONTEXT=org.springframework.security.core.context.SecurityContextImpl@9e8d6351: Authentication: org.springframework.security.authentication.UsernamePasswordAuthenticationToken@9e8d6351: Principal: org.springframework.security.core.userdetails.User@17d5e403: Username: test@gmail.com; Password: [PROTECTED]; Enabled: true; AccountNonExpired: true; credentialsNonExpired: true; AccountNonLocked: true; Granted Authorities: ROLE_ADMIN; Credentials: [PROTECTED]; Authenticated: true; Details: null; Granted Authorities: ROLE_ADMIN}

Handler:
             Type = engine.controller.TaskController
           Method = engine.controller.TaskController#getAllCompletedQuiz(int)

Async:
    Async started = false
     Async result = null

Resolved Exception:
             Type = null

ModelAndView:
        View name = null
             View = null
            Model = null

FlashMap:
       Attributes = null

MockHttpServletResponse:
           Status = 200
    Error message = null
          Headers = [Content-Type:"application/json", X-Content-Type-Options:"nosniff", X-XSS-Protection:"1; mode=block", Cache-Control:"no-cache, no-store, max-age=0, must-revalidate", Pragma:"no-cache", Expires:"0", X-Frame-Options:"DENY"]
     Content type = application/json
             Body = {"totalPages":1,"totalElements":1,"last":true,"first":true,"sort":{"unsorted":false,"sorted":true,"empty":false},"number":0,"numberOfElements":1,"size":10,"empty":false,"pageable":{"sort":{"unsorted":false,"sorted":true,"empty":false},"offset":0,"pageNumber":0,"pageSize":10,"paged":true,"unpaged":false},"content":[{"id":1,"quizId":1,"completedAt":"2020-8-21T13:3:57.46320200"}]}
    Forwarded URL = null
   Redirected URL = null
          Cookies = []
Hibernate: select quiz0_.id as id1_3_0_, quiz0_.creator as creator2_3_0_, quiz0_.text as text3_3_0_, quiz0_.title as title4_3_0_ from quiz quiz0_ where quiz0_.id=?
Hibernate: select options0_.options_id as options_3_2_0_, options0_.option_id as option_i1_2_0_, options0_.option_id as option_i1_2_1_, options0_.option as option2_2_1_ from option options0_ where options0_.options_id=?

MockHttpServletRequest:
      HTTP Method = GET
      Request URI = /api/quizzes/1
       Parameters = {}
          Headers = []
             Body = null
    Session Attrs = {SPRING_SECURITY_CONTEXT=org.springframework.security.core.context.SecurityContextImpl@9e8d6351: Authentication: org.springframework.security.authentication.UsernamePasswordAuthenticationToken@9e8d6351: Principal: org.springframework.security.core.userdetails.User@17d5e403: Username: test@gmail.com; Password: [PROTECTED]; Enabled: true; AccountNonExpired: true; credentialsNonExpired: true; AccountNonLocked: true; Granted Authorities: ROLE_ADMIN; Credentials: [PROTECTED]; Authenticated: true; Details: null; Granted Authorities: ROLE_ADMIN}

Handler:
             Type = engine.controller.TaskController
           Method = engine.controller.TaskController#getQuiz(String)

Async:
    Async started = false
     Async result = null

Resolved Exception:
             Type = null

ModelAndView:
        View name = null
             View = null
            Model = null

FlashMap:
       Attributes = null

MockHttpServletResponse:
           Status = 200
    Error message = null
          Headers = [Content-Type:"application/json", X-Content-Type-Options:"nosniff", X-XSS-Protection:"1; mode=block", Cache-Control:"no-cache, no-store, max-age=0, must-revalidate", Pragma:"no-cache", Expires:"0", X-Frame-Options:"DENY"]
     Content type = application/json
             Body = {"id":1,"title":"Tea drinks","text":"Select only tea drinks.","creator":"test@gmail.com","options":[{"optionId":1,"option":"black tea"},{"optionId":2,"option":"green tea"},{"optionId":3,"option":"Cappuccino"},{"optionId":4,"option":"Sprite"}],"answers":null,"correct":true}
    Forwarded URL = null
   Redirected URL = null
          Cookies = []
Hibernate: call next value for hibernate_sequence
Hibernate: call next value for hibernate_sequence
Hibernate: call next value for hibernate_sequence
Hibernate: call next value for hibernate_sequence
Hibernate: call next value for hibernate_sequence
Hibernate: call next value for hibernate_sequence
Hibernate: call next value for hibernate_sequence
Hibernate: insert into quiz (creator, text, title, id) values (?, ?, ?, ?)
Hibernate: insert into answer (answer, answer_id) values (?, ?)
Hibernate: insert into answer (answer, answer_id) values (?, ?)
Hibernate: insert into option (option, option_id) values (?, ?)
Hibernate: insert into option (option, option_id) values (?, ?)
Hibernate: insert into option (option, option_id) values (?, ?)
Hibernate: insert into option (option, option_id) values (?, ?)
Hibernate: update answer set answers_id=? where answer_id=?
Hibernate: update answer set answers_id=? where answer_id=?
Hibernate: update option set options_id=? where option_id=?
Hibernate: update option set options_id=? where option_id=?
Hibernate: update option set options_id=? where option_id=?
Hibernate: update option set options_id=? where option_id=?
Hibernate: select quiz0_.id as id1_3_0_, quiz0_.creator as creator2_3_0_, quiz0_.text as text3_3_0_, quiz0_.title as title4_3_0_ from quiz quiz0_ where quiz0_.id=?
Hibernate: select answers0_.answers_id as answers_3_0_0_, answers0_.answer_id as answer_i1_0_0_, answers0_.answer_id as answer_i1_0_1_, answers0_.answer as answer2_0_1_ from answer answers0_ where answers0_.answers_id=?
Hibernate: select options0_.options_id as options_3_2_0_, options0_.option_id as option_i1_2_0_, options0_.option_id as option_i1_2_1_, options0_.option as option2_2_1_ from option options0_ where options0_.options_id=?
Hibernate: update answer set answers_id=null where answers_id=?
Hibernate: update option set options_id=null where options_id=?
Hibernate: delete from answer where answer_id=?
Hibernate: delete from answer where answer_id=?
Hibernate: delete from option where option_id=?
Hibernate: delete from option where option_id=?
Hibernate: delete from option where option_id=?
Hibernate: delete from option where option_id=?
Hibernate: delete from quiz where id=?

MockHttpServletRequest:
      HTTP Method = DELETE
      Request URI = /api/quizzes/1
       Parameters = {}
          Headers = []
             Body = null
    Session Attrs = {SPRING_SECURITY_CONTEXT=org.springframework.security.core.context.SecurityContextImpl@9e8d6351: Authentication: org.springframework.security.authentication.UsernamePasswordAuthenticationToken@9e8d6351: Principal: org.springframework.security.core.userdetails.User@17d5e403: Username: test@gmail.com; Password: [PROTECTED]; Enabled: true; AccountNonExpired: true; credentialsNonExpired: true; AccountNonLocked: true; Granted Authorities: ROLE_ADMIN; Credentials: [PROTECTED]; Authenticated: true; Details: null; Granted Authorities: ROLE_ADMIN}

Handler:
             Type = engine.controller.TaskController
           Method = engine.controller.TaskController#deleteQuiz(String)

Async:
    Async started = false
     Async result = null

Resolved Exception:
             Type = org.springframework.web.server.ResponseStatusException

ModelAndView:
        View name = null
             View = null
            Model = null

FlashMap:
       Attributes = null

MockHttpServletResponse:
           Status = 204
    Error message = null
          Headers = [X-Content-Type-Options:"nosniff", X-XSS-Protection:"1; mode=block", Cache-Control:"no-cache, no-store, max-age=0, must-revalidate", Pragma:"no-cache", Expires:"0", X-Frame-Options:"DENY"]
     Content type = null
             Body = 
    Forwarded URL = null
   Redirected URL = null
          Cookies = []
]]></system-out>
  <system-err><![CDATA[]]></system-err>
</testsuite>
