<?xml version="1.0" encoding="UTF-8"?>
<testsuite name="engine.TestQuizEngine" tests="1" skipped="0" failures="0" errors="0" timestamp="2020-08-23T18:45:58" hostname="DESKTOP-R1TI04S" time="0.745">
  <properties/>
  <testcase name="contexLoads()" classname="engine.TestQuizEngine" time="0.745"/>
  <system-out><![CDATA[21:45:43.014 [Test worker] DEBUG org.springframework.test.context.BootstrapUtils - Instantiating CacheAwareContextLoaderDelegate from class [org.springframework.test.context.cache.DefaultCacheAwareContextLoaderDelegate]
21:45:43.062 [Test worker] DEBUG org.springframework.test.context.BootstrapUtils - Instantiating BootstrapContext using constructor [public org.springframework.test.context.support.DefaultBootstrapContext(java.lang.Class,org.springframework.test.context.CacheAwareContextLoaderDelegate)]
21:45:43.142 [Test worker] DEBUG org.springframework.test.context.BootstrapUtils - Instantiating TestContextBootstrapper for test class [engine.TestQuizEngine] from class [org.springframework.boot.test.context.SpringBootTestContextBootstrapper]
21:45:43.195 [Test worker] INFO org.springframework.boot.test.context.SpringBootTestContextBootstrapper - Neither @ContextConfiguration nor @ContextHierarchy found for test class [engine.TestQuizEngine], using SpringBootContextLoader
21:45:43.208 [Test worker] DEBUG org.springframework.test.context.support.AbstractContextLoader - Did not detect default resource location for test class [engine.TestQuizEngine]: class path resource [engine/TestQuizEngine-context.xml] does not exist
21:45:43.212 [Test worker] DEBUG org.springframework.test.context.support.AbstractContextLoader - Did not detect default resource location for test class [engine.TestQuizEngine]: class path resource [engine/TestQuizEngineContext.groovy] does not exist
21:45:43.213 [Test worker] INFO org.springframework.test.context.support.AbstractContextLoader - Could not detect default resource locations for test class [engine.TestQuizEngine]: no resource found for suffixes {-context.xml, Context.groovy}.
21:45:43.216 [Test worker] INFO org.springframework.test.context.support.AnnotationConfigContextLoaderUtils - Could not detect default configuration classes for test class [engine.TestQuizEngine]: TestQuizEngine does not declare any static, non-private, non-final, nested classes annotated with @Configuration.
21:45:43.374 [Test worker] DEBUG org.springframework.test.context.support.ActiveProfilesUtils - Could not find an 'annotation declaring class' for annotation type [org.springframework.test.context.ActiveProfiles] and class [engine.TestQuizEngine]
21:45:43.539 [Test worker] DEBUG org.springframework.context.annotation.ClassPathScanningCandidateComponentProvider - Identified candidate component class: file [C:\Users\Sergey\IdeaProjects\MyOwnProjects\Quiz\QuizEngine\build\classes\java\main\engine\QuizEngine.class]
21:45:43.546 [Test worker] INFO org.springframework.boot.test.context.SpringBootTestContextBootstrapper - Found @SpringBootConfiguration engine.QuizEngine for test class engine.TestQuizEngine
21:45:43.753 [Test worker] DEBUG org.springframework.boot.test.context.SpringBootTestContextBootstrapper - @TestExecutionListeners is not present for class [engine.TestQuizEngine]: using defaults.
21:45:43.757 [Test worker] INFO org.springframework.boot.test.context.SpringBootTestContextBootstrapper - Loaded default TestExecutionListener class names from location [META-INF/spring.factories]: [org.springframework.security.test.context.support.WithSecurityContextTestExecutionListener, org.springframework.security.test.context.support.ReactorContextTestExecutionListener, org.springframework.boot.test.autoconfigure.restdocs.RestDocsTestExecutionListener, org.springframework.boot.test.autoconfigure.web.client.MockRestServiceServerResetTestExecutionListener, org.springframework.boot.test.autoconfigure.web.servlet.MockMvcPrintOnlyOnFailureTestExecutionListener, org.springframework.boot.test.autoconfigure.web.servlet.WebDriverTestExecutionListener, org.springframework.boot.test.mock.mockito.MockitoTestExecutionListener, org.springframework.boot.test.mock.mockito.ResetMocksTestExecutionListener, org.springframework.test.context.web.ServletTestExecutionListener, org.springframework.test.context.support.DirtiesContextBeforeModesTestExecutionListener, org.springframework.test.context.support.DependencyInjectionTestExecutionListener, org.springframework.test.context.support.DirtiesContextTestExecutionListener, org.springframework.test.context.transaction.TransactionalTestExecutionListener, org.springframework.test.context.jdbc.SqlScriptsTestExecutionListener, org.springframework.test.context.event.EventPublishingTestExecutionListener]
21:45:43.807 [Test worker] INFO org.springframework.boot.test.context.SpringBootTestContextBootstrapper - Using TestExecutionListeners: [org.springframework.test.context.web.ServletTestExecutionListener@70084130, org.springframework.test.context.support.DirtiesContextBeforeModesTestExecutionListener@e9137e4, org.springframework.boot.test.mock.mockito.MockitoTestExecutionListener@3b53e53, org.springframework.boot.test.autoconfigure.SpringBootDependencyInjectionTestExecutionListener@2ffc7cd5, org.springframework.test.context.support.DirtiesContextTestExecutionListener@1dcfa9db, org.springframework.test.context.transaction.TransactionalTestExecutionListener@1ae68391, org.springframework.test.context.jdbc.SqlScriptsTestExecutionListener@308b7138, org.springframework.security.test.context.support.WithSecurityContextTestExecutionListener@7cdda928, org.springframework.test.context.event.EventPublishingTestExecutionListener@1cbc4619, org.springframework.security.test.context.support.ReactorContextTestExecutionListener@32e8b414, org.springframework.boot.test.autoconfigure.restdocs.RestDocsTestExecutionListener@590111c0, org.springframework.boot.test.autoconfigure.web.client.MockRestServiceServerResetTestExecutionListener@48846721, org.springframework.boot.test.autoconfigure.web.servlet.MockMvcPrintOnlyOnFailureTestExecutionListener@36f66ca6, org.springframework.boot.test.autoconfigure.web.servlet.WebDriverTestExecutionListener@41492678, org.springframework.boot.test.mock.mockito.ResetMocksTestExecutionListener@1097b080]
21:45:43.817 [Test worker] DEBUG org.springframework.test.context.support.AbstractDirtiesContextTestExecutionListener - Before test class: context [DefaultTestContext@674f5909 testClass = TestQuizEngine, testInstance = [null], testMethod = [null], testException = [null], mergedContextConfiguration = [WebMergedContextConfiguration@2447f378 testClass = TestQuizEngine, locations = '{}', classes = '{class engine.QuizEngine}', contextInitializerClasses = '[]', activeProfiles = '{}', propertySourceLocations = '{}', propertySourceProperties = '{org.springframework.boot.test.context.SpringBootTestContextBootstrapper=true}', contextCustomizers = set[org.springframework.boot.test.autoconfigure.properties.PropertyMappingContextCustomizer@4b3fa0b3, org.springframework.boot.test.autoconfigure.web.servlet.WebDriverContextCustomizerFactory$Customizer@678624a5, [ImportsContextCustomizer@60991242 key = [org.springframework.boot.test.autoconfigure.web.servlet.MockMvcAutoConfiguration, org.springframework.boot.test.autoconfigure.web.servlet.MockMvcWebClientAutoConfiguration, org.springframework.boot.test.autoconfigure.web.servlet.MockMvcWebDriverAutoConfiguration, org.springframework.boot.autoconfigure.security.servlet.SecurityAutoConfiguration, org.springframework.boot.autoconfigure.security.servlet.UserDetailsServiceAutoConfiguration, org.springframework.boot.test.autoconfigure.web.servlet.MockMvcSecurityConfiguration]], org.springframework.boot.test.context.filter.ExcludeFilterContextCustomizer@611ca7b7, org.springframework.boot.test.json.DuplicateJsonObjectContextCustomizerFactory$DuplicateJsonObjectContextCustomizer@69ddbb3b, org.springframework.boot.test.mock.mockito.MockitoContextCustomizer@0, org.springframework.boot.test.web.client.TestRestTemplateContextCustomizer@2213d98e], resourceBasePath = 'src/main/webapp', contextLoader = 'org.springframework.boot.test.context.SpringBootContextLoader', parent = [null]], attributes = map['org.springframework.test.context.web.ServletTestExecutionListener.activateListener' -> true]], class annotated with @DirtiesContext [false] with mode [null].
21:45:43.879 [Test worker] DEBUG org.springframework.test.context.support.TestPropertySourceUtils - Adding inlined properties to environment: {spring.jmx.enabled=false, org.springframework.boot.test.context.SpringBootTestContextBootstrapper=true, server.port=-1}

  .   ____          _            __ _ _
 /\\ / ___'_ __ _ _(_)_ __  __ _ \ \ \ \
( ( )\___ | '_ | '_| | '_ \/ _` | \ \ \ \
 \\/  ___)| |_)| | | | | || (_| |  ) ) ) )
  '  |____| .__|_| |_|_| |_\__, | / / / /
 =========|_|==============|___/=/_/_/_/
 :: Spring Boot ::        (v2.2.1.RELEASE)

2020-08-23 21:45:44.771  INFO 2872 --- [    Test worker] engine.TestQuizEngine                    : Starting TestQuizEngine on DESKTOP-R1TI04S with PID 2872 (started by Sergey in C:\Users\Sergey\IdeaProjects\MyOwnProjects\Quiz\QuizEngine)
2020-08-23 21:45:44.776  INFO 2872 --- [    Test worker] engine.TestQuizEngine                    : No active profile set, falling back to default profiles: default
2020-08-23 21:45:47.606  INFO 2872 --- [    Test worker] .s.d.r.c.RepositoryConfigurationDelegate : Bootstrapping Spring Data repositories in DEFAULT mode.
2020-08-23 21:45:47.745  INFO 2872 --- [    Test worker] .s.d.r.c.RepositoryConfigurationDelegate : Finished Spring Data repository scanning in 115ms. Found 2 repository interfaces.
2020-08-23 21:45:48.845  INFO 2872 --- [    Test worker] trationDelegate$BeanPostProcessorChecker : Bean 'org.springframework.transaction.annotation.ProxyTransactionManagementConfiguration' of type [org.springframework.transaction.annotation.ProxyTransactionManagementConfiguration] is not eligible for getting processed by all BeanPostProcessors (for example: not eligible for auto-proxying)
2020-08-23 21:45:49.449  INFO 2872 --- [    Test worker] o.hibernate.jpa.internal.util.LogHelper  : HHH000204: Processing PersistenceUnitInfo [name: default]
2020-08-23 21:45:49.691  INFO 2872 --- [    Test worker] org.hibernate.Version                    : HHH000412: Hibernate Core {5.4.8.Final}
2020-08-23 21:45:50.080  INFO 2872 --- [    Test worker] o.hibernate.annotations.common.Version   : HCANN000001: Hibernate Commons Annotations {5.1.0.Final}
2020-08-23 21:45:50.378  INFO 2872 --- [    Test worker] com.zaxxer.hikari.HikariDataSource       : HikariPool-1 - Starting...
2020-08-23 21:45:50.931  INFO 2872 --- [    Test worker] com.zaxxer.hikari.HikariDataSource       : HikariPool-1 - Start completed.
2020-08-23 21:45:50.980  INFO 2872 --- [    Test worker] org.hibernate.dialect.Dialect            : HHH000400: Using dialect: org.hibernate.dialect.H2Dialect
2020-08-23 21:45:53.343  INFO 2872 --- [    Test worker] o.h.e.t.j.p.i.JtaPlatformInitiator       : HHH000490: Using JtaPlatform implementation: [org.hibernate.engine.transaction.jta.platform.internal.NoJtaPlatform]
2020-08-23 21:45:53.365  INFO 2872 --- [    Test worker] j.LocalContainerEntityManagerFactoryBean : Initialized JPA EntityManagerFactory for persistence unit 'default'
2020-08-23 21:45:53.565  WARN 2872 --- [    Test worker] JpaBaseConfiguration$JpaWebConfiguration : spring.jpa.open-in-view is enabled by default. Therefore, database queries may be performed during view rendering. Explicitly configure spring.jpa.open-in-view to disable this warning
2020-08-23 21:45:56.047  INFO 2872 --- [    Test worker] o.s.s.concurrent.ThreadPoolTaskExecutor  : Initializing ExecutorService 'applicationTaskExecutor'
2020-08-23 21:45:57.956  INFO 2872 --- [    Test worker] o.s.s.web.DefaultSecurityFilterChain     : Creating filter chain: any request, [org.springframework.security.web.context.request.async.WebAsyncManagerIntegrationFilter@46195449, org.springframework.security.web.context.SecurityContextPersistenceFilter@35c955f5, org.springframework.security.web.header.HeaderWriterFilter@26df8cd2, org.springframework.security.web.authentication.logout.LogoutFilter@6c6a0361, org.springframework.security.web.authentication.www.BasicAuthenticationFilter@4db55b2d, org.springframework.security.web.savedrequest.RequestCacheAwareFilter@5df153eb, org.springframework.security.web.servletapi.SecurityContextHolderAwareRequestFilter@434180eb, org.springframework.security.web.authentication.AnonymousAuthenticationFilter@77156f86, org.springframework.security.web.session.SessionManagementFilter@7f237fa9, org.springframework.security.web.access.ExceptionTranslationFilter@7442a47a, org.springframework.security.web.access.intercept.FilterSecurityInterceptor@15d82490]
2020-08-23 21:45:58.045  INFO 2872 --- [    Test worker] o.s.b.a.h2.H2ConsoleAutoConfiguration    : H2 console available at '/h2-console'. Database available at 'jdbc:h2:file:../quizdb'
2020-08-23 21:45:58.306  INFO 2872 --- [    Test worker] o.s.b.t.m.w.SpringBootMockServletContext : Initializing Spring TestDispatcherServlet ''
2020-08-23 21:45:58.307  INFO 2872 --- [    Test worker] o.s.t.web.servlet.TestDispatcherServlet  : Initializing Servlet ''
2020-08-23 21:45:58.335  INFO 2872 --- [    Test worker] o.s.b.a.e.web.EndpointLinksResolver      : Exposing 14 endpoint(s) beneath base path '/actuator'
2020-08-23 21:45:58.431  INFO 2872 --- [    Test worker] o.s.t.web.servlet.TestDispatcherServlet  : Completed initialization in 123 ms
2020-08-23 21:45:58.540  INFO 2872 --- [    Test worker] engine.TestQuizEngine                    : Started TestQuizEngine in 14.636 seconds (JVM running for 17.811)
Hibernate: select quiz0_.id as id1_3_0_, quiz0_.creator as creator2_3_0_, quiz0_.text as text3_3_0_, quiz0_.title as title4_3_0_ from quiz quiz0_ where quiz0_.id=?
Hibernate: select options0_.options_id as options_3_2_0_, options0_.option_id as option_i1_2_0_, options0_.option_id as option_i1_2_1_, options0_.option as option2_2_1_ from option options0_ where options0_.options_id=?

MockHttpServletRequest:
      HTTP Method = GET
      Request URI = /api/quizzes/2
       Parameters = {}
          Headers = []
             Body = null
    Session Attrs = {SPRING_SECURITY_CONTEXT=org.springframework.security.core.context.SecurityContextImpl@9e8d6351: Authentication: org.springframework.security.authentication.UsernamePasswordAuthenticationToken@9e8d6351: Principal: org.springframework.security.core.userdetails.User@17d5e403: Username: test@gmail.com; Password: [PROTECTED]; Enabled: true; AccountNonExpired: true; credentialsNonExpired: true; AccountNonLocked: true; Granted Authorities: ROLE_ADMIN; Credentials: [PROTECTED]; Authenticated: true; Details: null; Granted Authorities: ROLE_ADMIN}

Handler:
             Type = engine.controller.TaskController
           Method = engine.controller.TaskController#getQuiz(String)

Async:
    Async started = false
     Async result = null

Resolved Exception:
             Type = null

ModelAndView:
        View name = null
             View = null
            Model = null

FlashMap:
       Attributes = null

MockHttpServletResponse:
           Status = 200
    Error message = null
          Headers = [Content-Type:"application/json", X-Content-Type-Options:"nosniff", X-XSS-Protection:"1; mode=block", Cache-Control:"no-cache, no-store, max-age=0, must-revalidate", Pragma:"no-cache", Expires:"0", X-Frame-Options:"DENY"]
     Content type = application/json
             Body = {"id":2,"title":"Tea drinks","text":"Select only tea drinks.","creator":"test@gmail.com","options":[{"optionId":5,"option":"black tea"},{"optionId":6,"option":"green tea"},{"optionId":7,"option":"Cappuccino"},{"optionId":8,"option":"Sprite"}],"answers":null,"correct":true}
    Forwarded URL = null
   Redirected URL = null
          Cookies = []
]]></system-out>
  <system-err><![CDATA[]]></system-err>
</testsuite>
